This is pdfTeX, Version 3.14159265-2.6-1.40.17 (TeX Live 2016) (preloaded format=pdflatex 2016.7.12)  15 OCT 2018 16:16
entering extended mode
 restricted \write18 enabled.
 file:line:error style messages enabled.
 %&-line parsing enabled.
**TI-Ricardo-Doutorado.tex
(./TI-Ricardo-Doutorado.tex
LaTeX2e <2016/03/31>
Babel <3.9r> and hyphenation patterns for 83 language(s) loaded.
(./texufpel.cls


 --------------------------------------------------
 CLASSE texufpel
 Formatação de Documentos LaTeX da UFPEL
 --------------------------------------------------
 Desenvolvida a partir da Classe IIUFRGS
 por Marilton S. de Aguiar (marilton@inf.ufpel.edu.br)
 --------------------------------------------------
 Versão: 4/3/2017
 --------------------------------------------------


Document Class: texufpel 4/3/2017
(/usr/local/texlive/2016/texmf-dist/tex/latex/base/report.cls
Document Class: report 2014/09/29 v1.4h Standard LaTeX document class
(/usr/local/texlive/2016/texmf-dist/tex/latex/base/size12.clo
File: size12.clo 2014/09/29 v1.4h Standard LaTeX file (size option)
)
\c@part=\count79
\c@chapter=\count80
\c@section=\count81
\c@subsection=\count82
\c@subsubsection=\count83
\c@paragraph=\count84
\c@subparagraph=\count85
\c@figure=\count86
\c@table=\count87
\abovecaptionskip=\skip41
\belowcaptionskip=\skip42
\bibindent=\dimen102
)
(/usr/local/texlive/2016/texmf-dist/tex/generic/babel/babel.sty
Package: babel 2016/04/23 3.9r The Babel package

(/usr/local/texlive/2016/texmf-dist/tex/generic/babel-english/english.ldf
Language: english 2012/08/20 v3.3p English support from the babel system

(/usr/local/texlive/2016/texmf-dist/tex/generic/babel/babel.def
File: babel.def 2016/04/23 3.9r Babel common definitions
\babel@savecnt=\count88
\U@D=\dimen103
)
\l@canadian = a dialect from \language\l@american 
\l@australian = a dialect from \language\l@british 
\l@newzealand = a dialect from \language\l@british 
)
(/usr/local/texlive/2016/texmf-dist/tex/generic/babel-portuges/portuges.ldf
Language: portuges 2008/03/18 v1.2q Portuguese support from the babel system
\l@brazilian = a dialect from \language\l@portuges 
Package babel Info: Making " an active character on input line 145.
))
(/usr/local/texlive/2016/texmf-dist/tex/latex/lastpage/lastpage.sty
Package: lastpage 2015/03/29 v1.2m Refers to last page's name (HMM; JPG)
)
(/usr/local/texlive/2016/texmf-dist/tex/latex/tools/indentfirst.sty
Package: indentfirst 1995/11/23 v1.03 Indent first paragraph (DPC)
)
(/usr/local/texlive/2016/texmf-dist/tex/latex/natbib/natbib.sty
Package: natbib 2010/09/13 8.31b (PWD, AO)
\bibhang=\skip43
\bibsep=\skip44
LaTeX Info: Redefining \cite on input line 694.
\c@NAT@ctr=\count89
)
(/usr/local/texlive/2016/texmf-dist/tex/latex/chngcntr/chngcntr.sty
Package: chngcntr 2009/09/02 v1.0a change counter resetting
)
(/usr/local/texlive/2016/texmf-dist/tex/latex/eso-pic/eso-pic.sty
Package: eso-pic 2015/07/21 v2.0g eso-pic (RN)

(/usr/local/texlive/2016/texmf-dist/tex/generic/oberdiek/atbegshi.sty
Package: atbegshi 2016/05/16 v1.17 At begin shipout hook (HO)

(/usr/local/texlive/2016/texmf-dist/tex/generic/oberdiek/infwarerr.sty
Package: infwarerr 2016/05/16 v1.4 Providing info/warning/error messages (HO)
)
(/usr/local/texlive/2016/texmf-dist/tex/generic/oberdiek/ltxcmds.sty
Package: ltxcmds 2016/05/16 v1.23 LaTeX kernel commands for general use (HO)
)
(/usr/local/texlive/2016/texmf-dist/tex/generic/oberdiek/ifpdf.sty
Package: ifpdf 2016/05/14 v3.1 Provides the ifpdf switch
))
(/usr/local/texlive/2016/texmf-dist/tex/latex/graphics/keyval.sty
Package: keyval 2014/10/28 v1.15 key=value parser (DPC)
\KV@toks@=\toks14
)
(/usr/local/texlive/2016/texmf-dist/tex/latex/xcolor/xcolor.sty
Package: xcolor 2016/05/11 v2.12 LaTeX color extensions (UK)

(/usr/local/texlive/2016/texmf-dist/tex/latex/graphics-cfg/color.cfg
File: color.cfg 2016/01/02 v1.6 sample color configuration
)
Package xcolor Info: Driver file: pdftex.def on input line 225.

(/usr/local/texlive/2016/texmf-dist/tex/latex/pdftex-def/pdftex.def
File: pdftex.def 2011/05/27 v0.06d Graphics/color for pdfTeX
\Gread@gobject=\count90
)
(/usr/local/texlive/2016/texmf-dist/tex/latex/colortbl/colortbl.sty
Package: colortbl 2012/02/13 v1.0a Color table columns (DPC)

(/usr/local/texlive/2016/texmf-dist/tex/latex/tools/array.sty
Package: array 2014/10/28 v2.4c Tabular extension package (FMi)
\col@sep=\dimen104
\extrarowheight=\dimen105
\NC@list=\toks15
\extratabsurround=\skip45
\backup@length=\skip46
)
\everycr=\toks16
\minrowclearance=\skip47
)
\rownum=\count91
Package xcolor Info: Model `cmy' substituted by `cmy0' on input line 1348.
Package xcolor Info: Model `hsb' substituted by `rgb' on input line 1352.
Package xcolor Info: Model `RGB' extended on input line 1364.
Package xcolor Info: Model `HTML' substituted by `rgb' on input line 1366.
Package xcolor Info: Model `Hsb' substituted by `hsb' on input line 1367.
Package xcolor Info: Model `tHsb' substituted by `hsb' on input line 1368.
Package xcolor Info: Model `HSB' substituted by `hsb' on input line 1369.
Package xcolor Info: Model `Gray' substituted by `gray' on input line 1370.
Package xcolor Info: Model `wave' substituted by `hsb' on input line 1371.
))
(/usr/local/texlive/2016/texmf-dist/tex/latex/setspace/setspace.sty
Package: setspace 2011/12/19 v6.7a set line spacing
)
(/usr/local/texlive/2016/texmf-dist/tex/latex/geometry/geometry.sty
Package: geometry 2010/09/12 v5.6 Page Geometry

(/usr/local/texlive/2016/texmf-dist/tex/generic/oberdiek/ifvtex.sty
Package: ifvtex 2016/05/16 v1.6 Detect VTeX and its facilities (HO)
Package ifvtex Info: VTeX not detected.
)
(/usr/local/texlive/2016/texmf-dist/tex/generic/ifxetex/ifxetex.sty
Package: ifxetex 2010/09/12 v0.6 Provides ifxetex conditional
)
\Gm@cnth=\count92
\Gm@cntv=\count93
\c@Gm@tempcnt=\count94
\Gm@bindingoffset=\dimen106
\Gm@wd@mp=\dimen107
\Gm@odd@mp=\dimen108
\Gm@even@mp=\dimen109
\Gm@layoutwidth=\dimen110
\Gm@layoutheight=\dimen111
\Gm@layouthoffset=\dimen112
\Gm@layoutvoffset=\dimen113
\Gm@dimlist=\toks17
)
(/usr/local/texlive/2016/texmf-dist/tex/latex/hyperref/hyperref.sty
Package: hyperref 2016/05/05 v6.83n Hypertext links for LaTeX

(/usr/local/texlive/2016/texmf-dist/tex/generic/oberdiek/hobsub-hyperref.sty
Package: hobsub-hyperref 2016/05/16 v1.14 Bundle oberdiek, subset hyperref (HO)


(/usr/local/texlive/2016/texmf-dist/tex/generic/oberdiek/hobsub-generic.sty
Package: hobsub-generic 2016/05/16 v1.14 Bundle oberdiek, subset generic (HO)
Package: hobsub 2016/05/16 v1.14 Construct package bundles (HO)
Package hobsub Info: Skipping package `infwarerr' (already loaded).
Package hobsub Info: Skipping package `ltxcmds' (already loaded).
Package: ifluatex 2016/05/16 v1.4 Provides the ifluatex switch (HO)
Package ifluatex Info: LuaTeX not detected.
Package hobsub Info: Skipping package `ifvtex' (already loaded).
Package: intcalc 2016/05/16 v1.2 Expandable calculations with integers (HO)
Package hobsub Info: Skipping package `ifpdf' (already loaded).
Package: etexcmds 2016/05/16 v1.6 Avoid name clashes with e-TeX commands (HO)
Package etexcmds Info: Could not find \expanded.
(etexcmds)             That can mean that you are not using pdfTeX 1.50 or
(etexcmds)             that some package has redefined \expanded.
(etexcmds)             In the latter case, load this package earlier.
Package: kvsetkeys 2016/05/16 v1.17 Key value parser (HO)
Package: kvdefinekeys 2016/05/16 v1.4 Define keys (HO)
Package: pdftexcmds 2016/05/10 v0.21 Utility functions of pdfTeX for LuaTeX (HO
)
Package pdftexcmds Info: LuaTeX not detected.
Package pdftexcmds Info: \pdf@primitive is available.
Package pdftexcmds Info: \pdf@ifprimitive is available.
Package pdftexcmds Info: \pdfdraftmode found.
Package: pdfescape 2016/05/16 v1.14 Implements pdfTeX's escape features (HO)
Package: bigintcalc 2016/05/16 v1.4 Expandable calculations on big integers (HO
)
Package: bitset 2016/05/16 v1.2 Handle bit-vector datatype (HO)
Package: uniquecounter 2016/05/16 v1.3 Provide unlimited unique counter (HO)
)
Package hobsub Info: Skipping package `hobsub' (already loaded).
Package: letltxmacro 2016/05/16 v1.5 Let assignment for LaTeX macros (HO)
Package: hopatch 2016/05/16 v1.3 Wrapper for package hooks (HO)
Package: xcolor-patch 2016/05/16 xcolor patch
Package: atveryend 2016/05/16 v1.9 Hooks at the very end of document (HO)
Package atveryend Info: \enddocument detected (standard20110627).
Package hobsub Info: Skipping package `atbegshi' (already loaded).
Package: refcount 2016/05/16 v3.5 Data extraction from label references (HO)
Package: hycolor 2016/05/16 v1.8 Color options for hyperref/bookmark (HO)
)
(/usr/local/texlive/2016/texmf-dist/tex/latex/oberdiek/auxhook.sty
Package: auxhook 2016/05/16 v1.4 Hooks for auxiliary files (HO)
)
(/usr/local/texlive/2016/texmf-dist/tex/latex/oberdiek/kvoptions.sty
Package: kvoptions 2016/05/16 v3.12 Key value format for package options (HO)
)
\@linkdim=\dimen114
\Hy@linkcounter=\count95
\Hy@pagecounter=\count96

(/usr/local/texlive/2016/texmf-dist/tex/latex/hyperref/pd1enc.def
File: pd1enc.def 2016/05/05 v6.83n Hyperref: PDFDocEncoding definition (HO)
)
\Hy@SavedSpaceFactor=\count97

(/usr/local/texlive/2016/texmf-dist/tex/latex/latexconfig/hyperref.cfg
File: hyperref.cfg 2002/06/06 v1.2 hyperref configuration of TeXLive
)
Package hyperref Info: Hyper figures OFF on input line 4446.
Package hyperref Info: Link nesting OFF on input line 4451.
Package hyperref Info: Hyper index ON on input line 4454.
Package hyperref Info: Plain pages OFF on input line 4461.
Package hyperref Info: Backreferencing OFF on input line 4466.
Package hyperref Info: Implicit mode ON; LaTeX internals redefined.
Package hyperref Info: Bookmarks ON on input line 4691.
\c@Hy@tempcnt=\count98

(/usr/local/texlive/2016/texmf-dist/tex/latex/url/url.sty
\Urlmuskip=\muskip10
Package: url 2013/09/16  ver 3.4  Verb mode for urls, etc.
)
LaTeX Info: Redefining \url on input line 5044.
\XeTeXLinkMargin=\dimen115
\Fld@menulength=\count99
\Field@Width=\dimen116
\Fld@charsize=\dimen117
Package hyperref Info: Hyper figures OFF on input line 6298.
Package hyperref Info: Link nesting OFF on input line 6303.
Package hyperref Info: Hyper index ON on input line 6306.
Package hyperref Info: backreferencing OFF on input line 6313.
Package hyperref Info: Link coloring OFF on input line 6318.
Package hyperref Info: Link coloring with OCG OFF on input line 6323.
Package hyperref Info: PDF/A mode OFF on input line 6328.
LaTeX Info: Redefining \ref on input line 6368.
LaTeX Info: Redefining \pageref on input line 6372.
\Hy@abspage=\count100
\c@Item=\count101
\c@Hfootnote=\count102
)

Package hyperref Message: Driver (autodetected): hpdftex.

(/usr/local/texlive/2016/texmf-dist/tex/latex/hyperref/hpdftex.def
File: hpdftex.def 2016/05/05 v6.83n Hyperref driver for pdfTeX
\Fld@listcount=\count103
\c@bookmark@seq@number=\count104

(/usr/local/texlive/2016/texmf-dist/tex/latex/oberdiek/rerunfilecheck.sty
Package: rerunfilecheck 2016/05/16 v1.8 Rerun checks for auxiliary files (HO)
Package uniquecounter Info: New unique counter `rerunfilecheck' on input line 2
82.
)
\Hy@SectionHShift=\skip48
)
(/usr/local/texlive/2016/texmf-dist/tex/latex/caption/caption.sty
Package: caption 2016/02/21 v3.3-144 Customizing captions (AR)

(/usr/local/texlive/2016/texmf-dist/tex/latex/caption/caption3.sty
Package: caption3 2016/02/04 v1.7-139 caption3 kernel (AR)
Package caption3 Info: TeX engine: e-TeX on input line 67.
\captionmargin=\dimen118
\captionmargin@=\dimen119
\captionwidth=\dimen120
\caption@tempdima=\dimen121
\caption@indent=\dimen122
\caption@parindent=\dimen123
\caption@hangindent=\dimen124
)
\c@ContinuedFloat=\count105
Package caption Info: hyperref package is loaded.
)
(/usr/local/texlive/2016/texmf-dist/tex/latex/base/fontenc.sty
Package: fontenc 2005/09/27 v1.99g Standard LaTeX package

(/usr/local/texlive/2016/texmf-dist/tex/latex/base/t1enc.def
File: t1enc.def 2005/09/27 v1.99g Standard LaTeX file
LaTeX Font Info:    Redeclaring font encoding T1 on input line 48.
))
\c@ei@authorcount=\count106
\c@ei@advisorcount=\count107
\c@ei@coadvisorcount=\count108
\c@ei@collaboratorcount=\count109
\c@kwcounter=\count110
\c@kwcountereng=\count111
\titlepagewinwidth=\skip49
\titlepagewinheight=\skip50
\titlepagewinvoffset=\skip51
\ei@chapnumindent=\skip52
)
(/usr/local/texlive/2016/texmf-dist/tex/latex/tools/enumerate.sty
Package: enumerate 2015/07/23 v3.00 enumerate extensions (DPC)
\@enLab=\toks18
)
(/usr/local/texlive/2016/texmf-dist/tex/latex/base/inputenc.sty
Package: inputenc 2015/03/17 v1.2c Input encoding file
\inpenc@prehook=\toks19
\inpenc@posthook=\toks20

(/usr/local/texlive/2016/texmf-dist/tex/latex/base/utf8.def
File: utf8.def 2016/02/28 v1.1s UTF-8 support for inputenc
Now handling font encoding OML ...
... no UTF-8 mapping file for font encoding OML
Now handling font encoding T1 ...
... processing UTF-8 mapping file for font encoding T1

(/usr/local/texlive/2016/texmf-dist/tex/latex/base/t1enc.dfu
File: t1enc.dfu 2016/02/28 v1.1s UTF-8 support for inputenc
   defining Unicode char U+00A0 (decimal 160)
   defining Unicode char U+00A1 (decimal 161)
   defining Unicode char U+00A3 (decimal 163)
   defining Unicode char U+00AB (decimal 171)
   defining Unicode char U+00AD (decimal 173)
   defining Unicode char U+00BB (decimal 187)
   defining Unicode char U+00BF (decimal 191)
   defining Unicode char U+00C0 (decimal 192)
   defining Unicode char U+00C1 (decimal 193)
   defining Unicode char U+00C2 (decimal 194)
   defining Unicode char U+00C3 (decimal 195)
   defining Unicode char U+00C4 (decimal 196)
   defining Unicode char U+00C5 (decimal 197)
   defining Unicode char U+00C6 (decimal 198)
   defining Unicode char U+00C7 (decimal 199)
   defining Unicode char U+00C8 (decimal 200)
   defining Unicode char U+00C9 (decimal 201)
   defining Unicode char U+00CA (decimal 202)
   defining Unicode char U+00CB (decimal 203)
   defining Unicode char U+00CC (decimal 204)
   defining Unicode char U+00CD (decimal 205)
   defining Unicode char U+00CE (decimal 206)
   defining Unicode char U+00CF (decimal 207)
   defining Unicode char U+00D0 (decimal 208)
   defining Unicode char U+00D1 (decimal 209)
   defining Unicode char U+00D2 (decimal 210)
   defining Unicode char U+00D3 (decimal 211)
   defining Unicode char U+00D4 (decimal 212)
   defining Unicode char U+00D5 (decimal 213)
   defining Unicode char U+00D6 (decimal 214)
   defining Unicode char U+00D8 (decimal 216)
   defining Unicode char U+00D9 (decimal 217)
   defining Unicode char U+00DA (decimal 218)
   defining Unicode char U+00DB (decimal 219)
   defining Unicode char U+00DC (decimal 220)
   defining Unicode char U+00DD (decimal 221)
   defining Unicode char U+00DE (decimal 222)
   defining Unicode char U+00DF (decimal 223)
   defining Unicode char U+00E0 (decimal 224)
   defining Unicode char U+00E1 (decimal 225)
   defining Unicode char U+00E2 (decimal 226)
   defining Unicode char U+00E3 (decimal 227)
   defining Unicode char U+00E4 (decimal 228)
   defining Unicode char U+00E5 (decimal 229)
   defining Unicode char U+00E6 (decimal 230)
   defining Unicode char U+00E7 (decimal 231)
   defining Unicode char U+00E8 (decimal 232)
   defining Unicode char U+00E9 (decimal 233)
   defining Unicode char U+00EA (decimal 234)
   defining Unicode char U+00EB (decimal 235)
   defining Unicode char U+00EC (decimal 236)
   defining Unicode char U+00ED (decimal 237)
   defining Unicode char U+00EE (decimal 238)
   defining Unicode char U+00EF (decimal 239)
   defining Unicode char U+00F0 (decimal 240)
   defining Unicode char U+00F1 (decimal 241)
   defining Unicode char U+00F2 (decimal 242)
   defining Unicode char U+00F3 (decimal 243)
   defining Unicode char U+00F4 (decimal 244)
   defining Unicode char U+00F5 (decimal 245)
   defining Unicode char U+00F6 (decimal 246)
   defining Unicode char U+00F8 (decimal 248)
   defining Unicode char U+00F9 (decimal 249)
   defining Unicode char U+00FA (decimal 250)
   defining Unicode char U+00FB (decimal 251)
   defining Unicode char U+00FC (decimal 252)
   defining Unicode char U+00FD (decimal 253)
   defining Unicode char U+00FE (decimal 254)
   defining Unicode char U+00FF (decimal 255)
   defining Unicode char U+0100 (decimal 256)
   defining Unicode char U+0101 (decimal 257)
   defining Unicode char U+0102 (decimal 258)
   defining Unicode char U+0103 (decimal 259)
   defining Unicode char U+0104 (decimal 260)
   defining Unicode char U+0105 (decimal 261)
   defining Unicode char U+0106 (decimal 262)
   defining Unicode char U+0107 (decimal 263)
   defining Unicode char U+0108 (decimal 264)
   defining Unicode char U+0109 (decimal 265)
   defining Unicode char U+010A (decimal 266)
   defining Unicode char U+010B (decimal 267)
   defining Unicode char U+010C (decimal 268)
   defining Unicode char U+010D (decimal 269)
   defining Unicode char U+010E (decimal 270)
   defining Unicode char U+010F (decimal 271)
   defining Unicode char U+0110 (decimal 272)
   defining Unicode char U+0111 (decimal 273)
   defining Unicode char U+0112 (decimal 274)
   defining Unicode char U+0113 (decimal 275)
   defining Unicode char U+0114 (decimal 276)
   defining Unicode char U+0115 (decimal 277)
   defining Unicode char U+0116 (decimal 278)
   defining Unicode char U+0117 (decimal 279)
   defining Unicode char U+0118 (decimal 280)
   defining Unicode char U+0119 (decimal 281)
   defining Unicode char U+011A (decimal 282)
   defining Unicode char U+011B (decimal 283)
   defining Unicode char U+011C (decimal 284)
   defining Unicode char U+011D (decimal 285)
   defining Unicode char U+011E (decimal 286)
   defining Unicode char U+011F (decimal 287)
   defining Unicode char U+0120 (decimal 288)
   defining Unicode char U+0121 (decimal 289)
   defining Unicode char U+0122 (decimal 290)
   defining Unicode char U+0123 (decimal 291)
   defining Unicode char U+0124 (decimal 292)
   defining Unicode char U+0125 (decimal 293)
   defining Unicode char U+0128 (decimal 296)
   defining Unicode char U+0129 (decimal 297)
   defining Unicode char U+012A (decimal 298)
   defining Unicode char U+012B (decimal 299)
   defining Unicode char U+012C (decimal 300)
   defining Unicode char U+012D (decimal 301)
   defining Unicode char U+012E (decimal 302)
   defining Unicode char U+012F (decimal 303)
   defining Unicode char U+0130 (decimal 304)
   defining Unicode char U+0131 (decimal 305)
   defining Unicode char U+0132 (decimal 306)
   defining Unicode char U+0133 (decimal 307)
   defining Unicode char U+0134 (decimal 308)
   defining Unicode char U+0135 (decimal 309)
   defining Unicode char U+0136 (decimal 310)
   defining Unicode char U+0137 (decimal 311)
   defining Unicode char U+0139 (decimal 313)
   defining Unicode char U+013A (decimal 314)
   defining Unicode char U+013B (decimal 315)
   defining Unicode char U+013C (decimal 316)
   defining Unicode char U+013D (decimal 317)
   defining Unicode char U+013E (decimal 318)
   defining Unicode char U+0141 (decimal 321)
   defining Unicode char U+0142 (decimal 322)
   defining Unicode char U+0143 (decimal 323)
   defining Unicode char U+0144 (decimal 324)
   defining Unicode char U+0145 (decimal 325)
   defining Unicode char U+0146 (decimal 326)
   defining Unicode char U+0147 (decimal 327)
   defining Unicode char U+0148 (decimal 328)
   defining Unicode char U+014A (decimal 330)
   defining Unicode char U+014B (decimal 331)
   defining Unicode char U+014C (decimal 332)
   defining Unicode char U+014D (decimal 333)
   defining Unicode char U+014E (decimal 334)
   defining Unicode char U+014F (decimal 335)
   defining Unicode char U+0150 (decimal 336)
   defining Unicode char U+0151 (decimal 337)
   defining Unicode char U+0152 (decimal 338)
   defining Unicode char U+0153 (decimal 339)
   defining Unicode char U+0154 (decimal 340)
   defining Unicode char U+0155 (decimal 341)
   defining Unicode char U+0156 (decimal 342)
   defining Unicode char U+0157 (decimal 343)
   defining Unicode char U+0158 (decimal 344)
   defining Unicode char U+0159 (decimal 345)
   defining Unicode char U+015A (decimal 346)
   defining Unicode char U+015B (decimal 347)
   defining Unicode char U+015C (decimal 348)
   defining Unicode char U+015D (decimal 349)
   defining Unicode char U+015E (decimal 350)
   defining Unicode char U+015F (decimal 351)
   defining Unicode char U+0160 (decimal 352)
   defining Unicode char U+0161 (decimal 353)
   defining Unicode char U+0162 (decimal 354)
   defining Unicode char U+0163 (decimal 355)
   defining Unicode char U+0164 (decimal 356)
   defining Unicode char U+0165 (decimal 357)
   defining Unicode char U+0168 (decimal 360)
   defining Unicode char U+0169 (decimal 361)
   defining Unicode char U+016A (decimal 362)
   defining Unicode char U+016B (decimal 363)
   defining Unicode char U+016C (decimal 364)
   defining Unicode char U+016D (decimal 365)
   defining Unicode char U+016E (decimal 366)
   defining Unicode char U+016F (decimal 367)
   defining Unicode char U+0170 (decimal 368)
   defining Unicode char U+0171 (decimal 369)
   defining Unicode char U+0172 (decimal 370)
   defining Unicode char U+0173 (decimal 371)
   defining Unicode char U+0174 (decimal 372)
   defining Unicode char U+0175 (decimal 373)
   defining Unicode char U+0176 (decimal 374)
   defining Unicode char U+0177 (decimal 375)
   defining Unicode char U+0178 (decimal 376)
   defining Unicode char U+0179 (decimal 377)
   defining Unicode char U+017A (decimal 378)
   defining Unicode char U+017B (decimal 379)
   defining Unicode char U+017C (decimal 380)
   defining Unicode char U+017D (decimal 381)
   defining Unicode char U+017E (decimal 382)
   defining Unicode char U+01CD (decimal 461)
   defining Unicode char U+01CE (decimal 462)
   defining Unicode char U+01CF (decimal 463)
   defining Unicode char U+01D0 (decimal 464)
   defining Unicode char U+01D1 (decimal 465)
   defining Unicode char U+01D2 (decimal 466)
   defining Unicode char U+01D3 (decimal 467)
   defining Unicode char U+01D4 (decimal 468)
   defining Unicode char U+01E2 (decimal 482)
   defining Unicode char U+01E3 (decimal 483)
   defining Unicode char U+01E6 (decimal 486)
   defining Unicode char U+01E7 (decimal 487)
   defining Unicode char U+01E8 (decimal 488)
   defining Unicode char U+01E9 (decimal 489)
   defining Unicode char U+01EA (decimal 490)
   defining Unicode char U+01EB (decimal 491)
   defining Unicode char U+01F0 (decimal 496)
   defining Unicode char U+01F4 (decimal 500)
   defining Unicode char U+01F5 (decimal 501)
   defining Unicode char U+0218 (decimal 536)
   defining Unicode char U+0219 (decimal 537)
   defining Unicode char U+021A (decimal 538)
   defining Unicode char U+021B (decimal 539)
   defining Unicode char U+1E02 (decimal 7682)
   defining Unicode char U+1E03 (decimal 7683)
   defining Unicode char U+200C (decimal 8204)
   defining Unicode char U+2010 (decimal 8208)
   defining Unicode char U+2011 (decimal 8209)
   defining Unicode char U+2012 (decimal 8210)
   defining Unicode char U+2013 (decimal 8211)
   defining Unicode char U+2014 (decimal 8212)
   defining Unicode char U+2015 (decimal 8213)
   defining Unicode char U+2018 (decimal 8216)
   defining Unicode char U+2019 (decimal 8217)
   defining Unicode char U+201A (decimal 8218)
   defining Unicode char U+201C (decimal 8220)
   defining Unicode char U+201D (decimal 8221)
   defining Unicode char U+201E (decimal 8222)
   defining Unicode char U+2030 (decimal 8240)
   defining Unicode char U+2031 (decimal 8241)
   defining Unicode char U+2039 (decimal 8249)
   defining Unicode char U+203A (decimal 8250)
   defining Unicode char U+2423 (decimal 9251)
)
Now handling font encoding OT1 ...
... processing UTF-8 mapping file for font encoding OT1

(/usr/local/texlive/2016/texmf-dist/tex/latex/base/ot1enc.dfu
File: ot1enc.dfu 2016/02/28 v1.1s UTF-8 support for inputenc
   defining Unicode char U+00A0 (decimal 160)
   defining Unicode char U+00A1 (decimal 161)
   defining Unicode char U+00A3 (decimal 163)
   defining Unicode char U+00AD (decimal 173)
   defining Unicode char U+00B8 (decimal 184)
   defining Unicode char U+00BF (decimal 191)
   defining Unicode char U+00C5 (decimal 197)
   defining Unicode char U+00C6 (decimal 198)
   defining Unicode char U+00D8 (decimal 216)
   defining Unicode char U+00DF (decimal 223)
   defining Unicode char U+00E6 (decimal 230)
   defining Unicode char U+00EC (decimal 236)
   defining Unicode char U+00ED (decimal 237)
   defining Unicode char U+00EE (decimal 238)
   defining Unicode char U+00EF (decimal 239)
   defining Unicode char U+00F8 (decimal 248)
   defining Unicode char U+0131 (decimal 305)
   defining Unicode char U+0141 (decimal 321)
   defining Unicode char U+0142 (decimal 322)
   defining Unicode char U+0152 (decimal 338)
   defining Unicode char U+0153 (decimal 339)
   defining Unicode char U+0174 (decimal 372)
   defining Unicode char U+0175 (decimal 373)
   defining Unicode char U+0176 (decimal 374)
   defining Unicode char U+0177 (decimal 375)
   defining Unicode char U+0218 (decimal 536)
   defining Unicode char U+0219 (decimal 537)
   defining Unicode char U+021A (decimal 538)
   defining Unicode char U+021B (decimal 539)
   defining Unicode char U+2013 (decimal 8211)
   defining Unicode char U+2014 (decimal 8212)
   defining Unicode char U+2018 (decimal 8216)
   defining Unicode char U+2019 (decimal 8217)
   defining Unicode char U+201C (decimal 8220)
   defining Unicode char U+201D (decimal 8221)
)
Now handling font encoding OMS ...
... processing UTF-8 mapping file for font encoding OMS

(/usr/local/texlive/2016/texmf-dist/tex/latex/base/omsenc.dfu
File: omsenc.dfu 2016/02/28 v1.1s UTF-8 support for inputenc
   defining Unicode char U+00A7 (decimal 167)
   defining Unicode char U+00B6 (decimal 182)
   defining Unicode char U+00B7 (decimal 183)
   defining Unicode char U+2020 (decimal 8224)
   defining Unicode char U+2021 (decimal 8225)
   defining Unicode char U+2022 (decimal 8226)
)
Now handling font encoding OMX ...
... no UTF-8 mapping file for font encoding OMX
Now handling font encoding U ...
... no UTF-8 mapping file for font encoding U
Now handling font encoding PD1 ...
... no UTF-8 mapping file for font encoding PD1
   defining Unicode char U+00A9 (decimal 169)
   defining Unicode char U+00AA (decimal 170)
   defining Unicode char U+00AE (decimal 174)
   defining Unicode char U+00BA (decimal 186)
   defining Unicode char U+02C6 (decimal 710)
   defining Unicode char U+02DC (decimal 732)
   defining Unicode char U+200C (decimal 8204)
   defining Unicode char U+2026 (decimal 8230)
   defining Unicode char U+2122 (decimal 8482)
   defining Unicode char U+2423 (decimal 9251)
))
(/usr/local/texlive/2016/texmf-dist/tex/latex/graphics/graphicx.sty
Package: graphicx 2014/10/28 v1.0g Enhanced LaTeX Graphics (DPC,SPQR)

(/usr/local/texlive/2016/texmf-dist/tex/latex/graphics/graphics.sty
Package: graphics 2016/05/09 v1.0r Standard LaTeX Graphics (DPC,SPQR)

(/usr/local/texlive/2016/texmf-dist/tex/latex/graphics/trig.sty
Package: trig 2016/01/03 v1.10 sin cos tan (DPC)
)
(/usr/local/texlive/2016/texmf-dist/tex/latex/graphics-cfg/graphics.cfg
File: graphics.cfg 2016/01/02 v1.10 sample graphics configuration
)
Package graphics Info: Driver file: pdftex.def on input line 96.
)
\Gin@req@height=\dimen125
\Gin@req@width=\dimen126
)
Package hyperref Info: Option `unicode' set `true' on input line 14.

(/usr/local/texlive/2016/texmf-dist/tex/latex/hyperref/puenc.def
File: puenc.def 2016/05/05 v6.83n Hyperref: PDF Unicode definition (HO)
Now handling font encoding PU ...
... no UTF-8 mapping file for font encoding PU
)
(/usr/local/texlive/2016/texmf-dist/tex/latex/tools/tabularx.sty
Package: tabularx 2016/02/03 v2.11 `tabularx' package (DPC)
\TX@col@width=\dimen127
\TX@old@table=\dimen128
\TX@old@col=\dimen129
\TX@target=\dimen130
\TX@delta=\dimen131
\TX@cols=\count112
\TX@ftn=\toks21
)
(/usr/local/texlive/2016/texmf-dist/tex/latex/tablefootnote/tablefootnote.sty
Package: tablefootnote 2014/01/26 v1.1c Table foot notes (HMM)

(/usr/local/texlive/2016/texmf-dist/tex/latex/xifthen/xifthen.sty
Package: xifthen 2015/11/05 v1.4.0 Extended ifthen features

(/usr/local/texlive/2016/texmf-dist/tex/latex/tools/calc.sty
Package: calc 2014/10/28 v4.3 Infix arithmetic (KKT,FJ)
\calc@Acount=\count113
\calc@Bcount=\count114
\calc@Adimen=\dimen132
\calc@Bdimen=\dimen133
\calc@Askip=\skip53
\calc@Bskip=\skip54
LaTeX Info: Redefining \setlength on input line 80.
LaTeX Info: Redefining \addtolength on input line 81.
\calc@Ccount=\count115
\calc@Cskip=\skip55
)
(/usr/local/texlive/2016/texmf-dist/tex/latex/base/ifthen.sty
Package: ifthen 2014/09/29 v1.1c Standard LaTeX ifthen package (DPC)
)
(/usr/local/texlive/2016/texmf-dist/tex/latex/ifmtarg/ifmtarg.sty
Package: ifmtarg 2009/09/02 v1.2a check for an empty argument
))
(/usr/local/texlive/2016/texmf-dist/tex/latex/etoolbox/etoolbox.sty
Package: etoolbox 2015/08/02 v2.2a e-TeX tools for LaTeX (JAW)
\etb@tempcnta=\count116
))
(/usr/local/texlive/2016/texmf-dist/tex/latex/oberdiek/pdflscape.sty
Package: pdflscape 2016/05/14 v0.11 Display of landscape pages in PDF (HO)

(/usr/local/texlive/2016/texmf-dist/tex/latex/graphics/lscape.sty
Package: lscape 2000/10/22 v3.01 Landscape Pages (DPC)
)
Package pdflscape Info: Auto-detected driver: pdftex on input line 81.
)
(/usr/local/texlive/2016/texmf-dist/tex/latex/tools/afterpage.sty
Package: afterpage 2014/10/28 v1.08 After-Page Package (DPC)
\AP@output=\toks22
\AP@partial=\box26
\AP@footins=\box27
)
(/usr/local/texlive/2016/texmf-dist/tex/latex/capt-of/capt-of.sty
Package: capt-of 2009/12/29 v0.2 standard captions outside of floats
)
(./TI-Ricardo-Doutorado.aux)
\openout1 = `TI-Ricardo-Doutorado.aux'.

LaTeX Font Info:    Checking defaults for OML/cmm/m/it on input line 49.
LaTeX Font Info:    ... okay on input line 49.
LaTeX Font Info:    Checking defaults for T1/cmr/m/n on input line 49.
LaTeX Font Info:    ... okay on input line 49.
LaTeX Font Info:    Checking defaults for OT1/cmr/m/n on input line 49.
LaTeX Font Info:    ... okay on input line 49.
LaTeX Font Info:    Checking defaults for OMS/cmsy/m/n on input line 49.
LaTeX Font Info:    ... okay on input line 49.
LaTeX Font Info:    Checking defaults for OMX/cmex/m/n on input line 49.
LaTeX Font Info:    ... okay on input line 49.
LaTeX Font Info:    Checking defaults for U/cmr/m/n on input line 49.
LaTeX Font Info:    ... okay on input line 49.
LaTeX Font Info:    Checking defaults for PD1/pdf/m/n on input line 49.
LaTeX Font Info:    ... okay on input line 49.
LaTeX Font Info:    Checking defaults for PU/pdf/m/n on input line 49.
LaTeX Font Info:    ... okay on input line 49.
LaTeX Font Info:    Try loading font information for T1+phv on input line 49.

(/usr/local/texlive/2016/texmf-dist/tex/latex/psnfss/t1phv.fd
File: t1phv.fd 2001/06/04 scalable font definitions for T1/phv.
)
Package lastpage Info: Please have a look at the pageslts package at
(lastpage)             https://www.ctan.org/pkg/pageslts
(lastpage)             ! on input line 49.
\AtBeginShipoutBox=\box28

(/usr/local/texlive/2016/texmf-dist/tex/context/base/mkii/supp-pdf.mkii
[Loading MPS to PDF converter (version 2006.09.02).]
\scratchcounter=\count117
\scratchdimen=\dimen134
\scratchbox=\box29
\nofMPsegments=\count118
\nofMParguments=\count119
\everyMPshowfont=\toks23
\MPscratchCnt=\count120
\MPscratchDim=\dimen135
\MPnumerator=\count121
\makeMPintoPDFobject=\count122
\everyMPtoPDFconversion=\toks24
)
*geometry* driver: auto-detecting
*geometry* detected driver: pdftex
*geometry* verbose mode - [ preamble ] result:
* driver: pdftex
* paper: <default>
* layout: <same size as paper>
* layoutoffset:(h,v)=(0.0pt,0.0pt)
* modes: 
* h-part:(L,W,R)=(85.35826pt, 455.24411pt, 56.9055pt)
* v-part:(T,H,B)=(85.35826pt, 702.78308pt, 56.9055pt)
* \paperwidth=597.50787pt
* \paperheight=845.04684pt
* \textwidth=455.24411pt
* \textheight=702.78308pt
* \oddsidemargin=13.08827pt
* \evensidemargin=13.08827pt
* \topmargin=-23.91173pt
* \headheight=12.0pt
* \headsep=25.0pt
* \topskip=12.0pt
* \footskip=30.0pt
* \marginparwidth=35.0pt
* \marginparsep=10.0pt
* \columnsep=10.0pt
* \skip\footins=10.8pt plus 4.0pt minus 2.0pt
* \hoffset=0.0pt
* \voffset=0.0pt
* \mag=1000
* \@twocolumnfalse
* \@twosidefalse
* \@mparswitchfalse
* \@reversemarginfalse
* (1in=72.27pt=25.4mm, 1cm=28.453pt)

Package hyperref Info: Link coloring OFF on input line 49.
(/usr/local/texlive/2016/texmf-dist/tex/latex/hyperref/nameref.sty
Package: nameref 2012/10/27 v2.43 Cross-referencing by name of section

(/usr/local/texlive/2016/texmf-dist/tex/generic/oberdiek/gettitlestring.sty
Package: gettitlestring 2016/05/16 v1.5 Cleanup title references (HO)
)
\c@section@level=\count123
)
LaTeX Info: Redefining \ref on input line 49.
LaTeX Info: Redefining \pageref on input line 49.
LaTeX Info: Redefining \nameref on input line 49.

(./TI-Ricardo-Doutorado.out) (./TI-Ricardo-Doutorado.out)
\@outlinefile=\write3
\openout3 = `TI-Ricardo-Doutorado.out'.

Package caption Info: Begin \AtBeginDocument code.
Package caption Info: Incompatible package detected (regarding \@caption).
(caption)             \@caption = \long macro:#1[#2]#3->\par \if@captionlisting
 \addcontentsline {\csname ext@#1\endcsname }{#1}{\protect \numberline {\csname
 fnum@#1\endcsname }{\ignorespaces #2}}\fi \begingroup \@parboxrestore \if@mini
page \@setminipage \fi \normalsize \@makecaption {\csname fnum@#1\endcsname }{\
ignorespaces #3}\par \endgroup .


Package caption Warning: \caption will not be redefined since it's already
(caption)                redefined by a document class or package which is
(caption)                unknown to the caption package.
See the caption package documentation for explanation.

Package caption Info: End \AtBeginDocument code.
(/usr/local/texlive/2016/texmf-dist/tex/latex/oberdiek/epstopdf-base.sty
Package: epstopdf-base 2016/05/15 v2.6 Base part for package epstopdf

(/usr/local/texlive/2016/texmf-dist/tex/latex/oberdiek/grfext.sty
Package: grfext 2016/05/16 v1.2 Manage graphics extensions (HO)
)
Package grfext Info: Graphics extension search list:
(grfext)             [.png,.pdf,.jpg,.mps,.jpeg,.jbig2,.jb2,.PNG,.PDF,.JPG,.JPE
G,.JBIG2,.JB2,.eps]
(grfext)             \AppendGraphicsExtensions on input line 456.

(/usr/local/texlive/2016/texmf-dist/tex/latex/latexconfig/epstopdf-sys.cfg
File: epstopdf-sys.cfg 2010/07/13 v1.3 Configuration of (r)epstopdf for TeX Liv
e
))
LaTeX Font Info:    Font shape `T1/phv/bx/n' in size <12> not available
(Font)              Font shape `T1/phv/b/n' tried instead on input line 54.
LaTeX Font Info:    External font `cmex10' loaded for size
(Font)              <12> on input line 54.
LaTeX Font Info:    External font `cmex10' loaded for size
(Font)              <8> on input line 54.
LaTeX Font Info:    External font `cmex10' loaded for size
(Font)              <6> on input line 54.

Overfull \hbox (17.62482pt too wide) in paragraph at lines 54--54
[][] 
 []

Package babel Info: Redefining portuges shorthand "|
(babel)             in language append on input line 54.
Package babel Info: Redefining portuges shorthand "|
(babel)             in language append on input line 54.
[1

{/usr/local/texlive/2016/texmf-var/fonts/map/pdftex/updmap/pdftex.map}]
LaTeX Font Info:    Font shape `T1/phv/bx/n' in size <16> not available
(Font)              Font shape `T1/phv/b/n' tried instead on input line 61.

Underfull \hbox (badness 10000) in paragraph at lines 61--63

 []

Package babel Info: Redefining portuges shorthand "|
(babel)             in language append on input line 67.
Package babel Info: Redefining portuges shorthand "|
(babel)             in language append on input line 67.
pdfTeX warning (ext4): destination with the same identifier (name{page.1}) has 
been already used, duplicate ignored
<to be read again> 
                   \relax 
l.67 ...ity Strategies for the Internet of Things}
                                                   [1


]
Underfull \hbox (badness 10000) in paragraph at lines 67--69

 []

Package babel Info: Redefining portuges shorthand "|
(babel)             in language append on input line 72.
Package babel Info: Redefining portuges shorthand "|
(babel)             in language append on input line 72.
[2


] (./TI-Ricardo-Doutorado.lof
LaTeX Font Info:    Font shape `T1/phv/m/it' in size <12> not available
(Font)              Font shape `T1/phv/m/sl' tried instead on input line 12.
)
\tf@lof=\write4
\openout4 = `TI-Ricardo-Doutorado.lof'.

Package babel Info: Redefining portuges shorthand "|
(babel)             in language append on input line 75.
Package babel Info: Redefining portuges shorthand "|
(babel)             in language append on input line 75.
 [3

] (./TI-Ricardo-Doutorado.lot)
\tf@lot=\write5
\openout5 = `TI-Ricardo-Doutorado.lot'.

Package babel Info: Redefining portuges shorthand "|
(babel)             in language append on input line 78.
Package babel Info: Redefining portuges shorthand "|
(babel)             in language append on input line 78.
 [4

]
Package babel Info: Redefining portuges shorthand "|
(babel)             in language append on input line 101.
Package babel Info: Redefining portuges shorthand "|
(babel)             in language append on input line 101.
 [5

]
(./TI-Ricardo-Doutorado.toc
Underfull \hbox (badness 10000) in paragraph at lines 4--4
 []  
 []


Underfull \hbox (badness 10000) in paragraph at lines 8--8
 []  
 []


Underfull \hbox (badness 10000) in paragraph at lines 13--13
 []  
 []


Underfull \hbox (badness 10000) in paragraph at lines 24--24
 []  
 []


Underfull \hbox (badness 10000) in paragraph at lines 25--25
 []  
 []

)
\tf@toc=\write6
\openout6 = `TI-Ricardo-Doutorado.toc'.

Package babel Info: Redefining portuges shorthand "|
(babel)             in language append on input line 104.
Package babel Info: Redefining portuges shorthand "|
(babel)             in language append on input line 104.
 [6

]
Package babel Info: Redefining portuges shorthand "|
(babel)             in language append on input line 104.
Package babel Info: Redefining portuges shorthand "|
(babel)             in language append on input line 115.
Package babel Info: Redefining portuges shorthand "|
(babel)             in language append on input line 115.
 [7

]
Package babel Info: Redefining portuges shorthand "|
(babel)             in language append on input line 124.
Package babel Info: Redefining portuges shorthand "|
(babel)             in language append on input line 124.
 [8]
LaTeX Font Info:    Font shape `T1/phv/bx/n' in size <14.4> not available
(Font)              Font shape `T1/phv/b/n' tried instead on input line 130.
Package babel Info: Redefining portuges shorthand "|
(babel)             in language append on input line 130.
Package babel Info: Redefining portuges shorthand "|
(babel)             in language append on input line 136.
Package babel Info: Redefining portuges shorthand "|
(babel)             in language append on input line 136.
 [9]
Package babel Info: Redefining portuges shorthand "|
(babel)             in language append on input line 149.
Package babel Info: Redefining portuges shorthand "|
(babel)             in language append on input line 152.
Package babel Info: Redefining portuges shorthand "|
(babel)             in language append on input line 152.
 [10]
Package babel Info: Redefining portuges shorthand "|
(babel)             in language append on input line 155.
Package babel Info: Redefining portuges shorthand "|
(babel)             in language append on input line 169.
Package babel Info: Redefining portuges shorthand "|
(babel)             in language append on input line 169.
 [11]
Package babel Info: Redefining portuges shorthand "|
(babel)             in language append on input line 169.
Package babel Info: Redefining portuges shorthand "|
(babel)             in language append on input line 174.
Package babel Info: Redefining portuges shorthand "|
(babel)             in language append on input line 182.
Package babel Info: Redefining portuges shorthand "|
(babel)             in language append on input line 182.
 [12

]
LaTeX Font Info:    Try loading font information for OMS+phv on input line 187.


(/usr/local/texlive/2016/texmf-dist/tex/latex/psnfss/omsphv.fd
File: omsphv.fd 
)
LaTeX Font Info:    Font shape `OMS/phv/m/n' in size <12> not available
(Font)              Font shape `OMS/cmsy/m/n' tried instead on input line 187.
Package babel Info: Redefining portuges shorthand "|
(babel)             in language append on input line 195.
Package babel Info: Redefining portuges shorthand "|
(babel)             in language append on input line 195.
 [13]
Package babel Info: Redefining portuges shorthand "|
(babel)             in language append on input line 205.
Package babel Info: Redefining portuges shorthand "|
(babel)             in language append on input line 210.
Package babel Info: Redefining portuges shorthand "|
(babel)             in language append on input line 210.
 [14]
Package babel Info: Redefining portuges shorthand "|
(babel)             in language append on input line 218.
Package babel Info: Redefining portuges shorthand "|
(babel)             in language append on input line 218.

[15] <imagens/generic-feedback-loop.png, id=387, 821.0675pt x 523.9575pt>
File: imagens/generic-feedback-loop.png Graphic file (type png)

<use imagens/generic-feedback-loop.png>
Package pdftex.def Info: imagens/generic-feedback-loop.png used on input line 2
21.
(pdftex.def)             Requested size: 364.19667pt x 232.40483pt.
Package babel Info: Redefining portuges shorthand "|
(babel)             in language append on input line 236.
Package babel Info: Redefining portuges shorthand "|
(babel)             in language append on input line 236.
 [16 <./imagens/generic-feedback-loop.png>]
Package babel Info: Redefining portuges shorthand "|
(babel)             in language append on input line 247.
Package babel Info: Redefining portuges shorthand "|
(babel)             in language append on input line 247.
 [17] <imagens/mape-k-model.png, id=419, 344.0052pt x 233.673pt>
File: imagens/mape-k-model.png Graphic file (type png)

<use imagens/mape-k-model.png>
Package pdftex.def Info: imagens/mape-k-model.png used on input line 250.
(pdftex.def)             Requested size: 364.19667pt x 247.38911pt.
Package babel Info: Redefining portuges shorthand "|
(babel)             in language append on input line 264.
Package babel Info: Redefining portuges shorthand "|
(babel)             in language append on input line 264.
 [18 <./imagens/mape-k-model.png>]
Package babel Info: Redefining portuges shorthand "|
(babel)             in language append on input line 277.
LaTeX Font Info:    Font shape `T1/phv/bx/it' in size <12> not available
(Font)              Font shape `T1/phv/b/it' tried instead on input line 288.
LaTeX Font Info:    Font shape `T1/phv/b/it' in size <12> not available
(Font)              Font shape `T1/phv/b/sl' tried instead on input line 288.
Package babel Info: Redefining portuges shorthand "|
(babel)             in language append on input line 291.
Package babel Info: Redefining portuges shorthand "|
(babel)             in language append on input line 291.
 [19]
Package babel Info: Redefining portuges shorthand "|
(babel)             in language append on input line 323.
Package babel Info: Redefining portuges shorthand "|
(babel)             in language append on input line 323.
 [20]
Package babel Info: Redefining portuges shorthand "|
(babel)             in language append on input line 338.
Package babel Info: Redefining portuges shorthand "|
(babel)             in language append on input line 344.
Package babel Info: Redefining portuges shorthand "|
(babel)             in language append on input line 344.

[21]
Package babel Info: Redefining portuges shorthand "|
(babel)             in language append on input line 344.
Package babel Info: Redefining portuges shorthand "|
(babel)             in language append on input line 349.
LaTeX Font Info:    External font `cmex10' loaded for size
(Font)              <7> on input line 351.
LaTeX Font Info:    External font `cmex10' loaded for size
(Font)              <5> on input line 351.
LaTeX Font Info:    Try loading font information for T1+cmtt on input line 351.

 (/usr/local/texlive/2016/texmf-dist/tex/latex/base/t1cmtt.fd
File: t1cmtt.fd 2014/09/29 v2.5h Standard LaTeX font definitions
)
Package babel Info: Redefining portuges shorthand "|
(babel)             in language append on input line 365.
Package babel Info: Redefining portuges shorthand "|
(babel)             in language append on input line 365.
 [22

]
Package babel Info: Redefining portuges shorthand "|
(babel)             in language append on input line 399.
Package babel Info: Redefining portuges shorthand "|
(babel)             in language append on input line 399.

[23] <imagens/string-de-pesquisa.png, id=496, 417.2388pt x 58.2978pt>
File: imagens/string-de-pesquisa.png Graphic file (type png)

<use imagens/string-de-pesquisa.png>
Package pdftex.def Info: imagens/string-de-pesquisa.png used on input line 402.

(pdftex.def)             Requested size: 318.66948pt x 44.52739pt.
Package babel Info: Redefining portuges shorthand "|
(babel)             in language append on input line 472.
Package babel Info: Redefining portuges shorthand "|
(babel)             in language append on input line 472.
 [24 <./imagens/string-de-pesquisa.png>]
Underfull \hbox (badness 10000) in alignment at lines 472--472
[][][][][] 
 []

Package babel Info: Redefining portuges shorthand "|
(babel)             in language append on input line 472.
Package babel Info: Redefining portuges shorthand "|
(babel)             in language append on input line 472.
[25


]
Underfull \hbox (badness 10000) in paragraph at lines 481--481
[]|\T1/phv/m/n/12 ABIE; BA-LA-
 []


Underfull \hbox (badness 10000) in paragraph at lines 481--481
\T1/phv/m/n/12 SINGHAM,
 []


Underfull \hbox (badness 10000) in paragraph at lines 481--481
\T1/phv/m/sl/12 Se-cu-rity for Smart
 []


Underfull \hbox (badness 10000) in paragraph at lines 481--482
\T1/phv/m/sl/12 Soft-ware Ar-chi-tec-ture:
 []


Underfull \hbox (badness 10000) in paragraph at lines 483--483
[]|\T1/phv/m/n/12 EVESTI; SU-
 []


Underfull \hbox (badness 10000) in paragraph at lines 483--483
\T1/phv/m/n/12 O-MA-LAI-NEN;
 []


Underfull \hbox (badness 10000) in paragraph at lines 483--483
[]|\T1/phv/m/sl/12 Architecture and
 []


Underfull \hbox (badness 10000) in paragraph at lines 483--483
\T1/phv/m/sl/12 Knowledge-Driven
 []


Underfull \hbox (badness 6641) in paragraph at lines 483--483
\T1/phv/m/sl/12 Self-Adaptive Se-cu-
 []


Underfull \hbox (badness 5008) in paragraph at lines 485--485
[]|\T1/phv/m/n/12 AMAN; SNEK-
 []


Underfull \hbox (badness 1708) in paragraph at lines 485--486
\T1/phv/m/sl/12 qui-tous Com-pu-ting, Sys-
 []


Underfull \hbox (badness 2744) in paragraph at lines 487--487
[]|\T1/phv/m/n/12 RAMOS; BER-
 []


Underfull \hbox (badness 10000) in paragraph at lines 487--487
\T1/phv/m/n/12 NABE; SKAR-
 []


Underfull \hbox (badness 2418) in paragraph at lines 487--487
\T1/phv/m/sl/12 for-ma-tion for Adap-
 []


Underfull \hbox (badness 1655) in paragraph at lines 487--487
\T1/phv/m/sl/12 tive Se-cu-rity in IoT
 []


Underfull \hbox (badness 10000) in paragraph at lines 487--487
[]|\T1/phv/m/n/12 IEEE,
 []


Underfull \hbox (badness 10000) in paragraph at lines 487--487
\T1/phv/m/n/12 Web of
 []


Underfull \hbox (badness 10000) in paragraph at lines 487--487
\T1/phv/m/n/12 Sci-ence,
 []


Underfull \hbox (badness 10000) in paragraph at lines 487--488
[]|\T1/phv/m/sl/12 International Con-fe-rence
 []


Underfull \hbox (badness 1237) in paragraph at lines 487--488
\T1/phv/m/sl/12 on Ad-van-ced In-for-ma-tion
 []


Overfull \hbox (5.33733pt too wide) in paragraph at lines 489--489
[]|\T1/phv/m/n/12 MOZZAQUATRO
 []


Underfull \hbox (badness 10000) in paragraph at lines 489--489
[]|\T1/phv/m/sl/12 An ontology-based
 []


Underfull \hbox (badness 10000) in paragraph at lines 489--489
\T1/phv/m/sl/12 se-cu-rity fra-mework
 []


Underfull \hbox (badness 10000) in paragraph at lines 489--489
\T1/phv/m/sl/12 for decision-making
 []


Underfull \hbox (badness 10000) in paragraph at lines 489--489
[]|\T1/phv/m/n/12 IEEE,
 []


Underfull \hbox (badness 10000) in paragraph at lines 489--490
[]|\T1/phv/m/sl/12 International Con-fe-rence
 []


Underfull \hbox (badness 10000) in paragraph at lines 489--490
\T1/phv/m/sl/12 on Model-Driven En-gi-
 []


Underfull \hbox (badness 10000) in paragraph at lines 489--490
\T1/phv/m/sl/12 ne-e-ring and Soft-ware
 []


Underfull \hbox (badness 10000) in paragraph at lines 491--491
[]|\T1/phv/m/n/12 EL-MALIKI;
 []


Underfull \hbox (badness 10000) in paragraph at lines 491--491
[]|\T1/phv/m/sl/12 Efficient Se-cu-rity
 []


Underfull \hbox (badness 10000) in paragraph at lines 491--491
\T1/phv/m/sl/12 Adap-ta-tion Fra-
 []


Underfull \hbox (badness 1924) in paragraph at lines 491--491
\T1/phv/m/sl/12 mework for In-ter-net
 []


Underfull \hbox (badness 10000) in paragraph at lines 491--491
[]|\T1/phv/m/n/12 IEEE,
 []


Underfull \hbox (badness 10000) in paragraph at lines 491--491
\T1/phv/m/n/12 Web of
 []


Underfull \hbox (badness 10000) in paragraph at lines 491--491
\T1/phv/m/n/12 Sci-ence,
 []


Underfull \hbox (badness 10000) in paragraph at lines 491--492
[]|\T1/phv/m/sl/12 International Con-fe-rence
 []


Underfull \hbox (badness 10000) in paragraph at lines 491--492
\T1/phv/m/sl/12 on Com-pu-ta-ti-o-nal Sci-
 []


Underfull \hbox (badness 2865) in paragraph at lines 491--492
\T1/phv/m/sl/12 ence and Com-pu-ta-ti-o-nal
 []

Package babel Info: Redefining portuges shorthand "|
(babel)             in language append on input line 495.
Package babel Info: Redefining portuges shorthand "|
(babel)             in language append on input line 501.
Package babel Info: Redefining portuges shorthand "|
(babel)             in language append on input line 504.
Package babel Info: Redefining portuges shorthand "|
(babel)             in language append on input line 504.
[26


]
Underfull \hbox (badness 10000) in paragraph at lines 515--515
[]|[]\T1/phv/b/n/12 Processo
 []


Underfull \hbox (badness 10000) in paragraph at lines 515--516
[]|[]\T1/phv/b/n/12 Processo/Metodologia ARM
 []

Package babel Info: Redefining portuges shorthand "|
(babel)             in language append on input line 528.
Package babel Info: Redefining portuges shorthand "|
(babel)             in language append on input line 528.
[27]
<imagens/adaptive-security-management-model.png, id=543, 926.46124pt x 715.6737
5pt>
File: imagens/adaptive-security-management-model.png Graphic file (type png)
 <use imagens/adaptive-security-management-model.png>
Package pdftex.def Info: imagens/adaptive-security-management-model.png used on
 input line 535.
(pdftex.def)             Requested size: 364.19667pt x 281.33937pt.
Package babel Info: Redefining portuges shorthand "|
(babel)             in language append on input line 544.
Package babel Info: Redefining portuges shorthand "|
(babel)             in language append on input line 544.
 [28 <./imagens/adaptive-security-management-model.png>]
<imagens/case-study-patient-monitoring.png, id=553, 903.375pt x 748.7975pt>
File: imagens/case-study-patient-monitoring.png Graphic file (type png)

<use imagens/case-study-patient-monitoring.png>
Package pdftex.def Info: imagens/case-study-patient-monitoring.png used on inpu
t line 555.
(pdftex.def)             Requested size: 318.66948pt x 264.13968pt.
Package babel Info: Redefining portuges shorthand "|
(babel)             in language append on input line 563.
Package babel Info: Redefining portuges shorthand "|
(babel)             in language append on input line 563.
 [29]
Underfull \hbox (badness 1681) in paragraph at lines 567--567
[]\T1/phv/b/n/12 Architecture and Knowledge-Driven Self-Adaptive Se-cu-rity in 
Smart
 []

Package babel Info: Redefining portuges shorthand "|
(babel)             in language append on input line 567.
Package babel Info: Redefining portuges shorthand "|
(babel)             in language append on input line 573.
Package babel Info: Redefining portuges shorthand "|
(babel)             in language append on input line 573.
[30 <./imagens/case-study-patient-monitoring.png>]
<imagens/ismo-architecture.png, id=569, 1389.19pt x 701.62125pt>
File: imagens/ismo-architecture.png Graphic file (type png)

<use imagens/ismo-architecture.png>
Package pdftex.def Info: imagens/ismo-architecture.png used on input line 577.
(pdftex.def)             Requested size: 455.24411pt x 229.91913pt.
Package babel Info: Redefining portuges shorthand "|
(babel)             in language append on input line 587.
Package babel Info: Redefining portuges shorthand "|
(babel)             in language append on input line 587.
 [31 <./imagens/ismo-architecture.png>]
<imagens/ismo-ontology.png, id=576, 398.4486pt x 241.8636pt>
File: imagens/ismo-ontology.png Graphic file (type png)

<use imagens/ismo-ontology.png>
Package pdftex.def Info: imagens/ismo-ontology.png used on input line 604.
(pdftex.def)             Requested size: 318.66948pt x 193.43947pt.
Package babel Info: Redefining portuges shorthand "|
(babel)             in language append on input line 612.
Package babel Info: Redefining portuges shorthand "|
(babel)             in language append on input line 612.
 [32 <./imagens/ismo-ontology.png>]
Package babel Info: Redefining portuges shorthand "|
(babel)             in language append on input line 621.
Package babel Info: Redefining portuges shorthand "|
(babel)             in language append on input line 643.
Package babel Info: Redefining portuges shorthand "|
(babel)             in language append on input line 643.
 [33]
<imagens/edas-reference-model.png, id=595, 593.21625pt x 671.50874pt>
File: imagens/edas-reference-model.png Graphic file (type png)

<use imagens/edas-reference-model.png>
Package pdftex.def Info: imagens/edas-reference-model.png used on input line 64
7.
(pdftex.def)             Requested size: 318.66948pt x 360.73424pt.
Package babel Info: Redefining portuges shorthand "|
(babel)             in language append on input line 654.
Package babel Info: Redefining portuges shorthand "|
(babel)             in language append on input line 654.
 [34 <./imagens/edas-reference-model.png>]
Package babel Info: Redefining portuges shorthand "|
(babel)             in language append on input line 679.
Package babel Info: Redefining portuges shorthand "|
(babel)             in language append on input line 679.
 [35] <imagens/edas-ontology.png, id=608, 1048.91875pt x 810.02625pt>
File: imagens/edas-ontology.png Graphic file (type png)

<use imagens/edas-ontology.png>
Package pdftex.def Info: imagens/edas-ontology.png used on input line 693.
(pdftex.def)             Requested size: 364.19667pt x 281.25156pt.
Package babel Info: Redefining portuges shorthand "|
(babel)             in language append on input line 701.
Package babel Info: Redefining portuges shorthand "|
(babel)             in language append on input line 701.
 [36 <./imagens/edas-ontology.png>]
<imagens/edas-adaptation-process.png, id=616, 1395.2125pt x 622.325pt>
File: imagens/edas-adaptation-process.png Graphic file (type png)

<use imagens/edas-adaptation-process.png>
Package pdftex.def Info: imagens/edas-adaptation-process.png used on input line
 706.
(pdftex.def)             Requested size: 409.71692pt x 182.74864pt.
Package babel Info: Redefining portuges shorthand "|
(babel)             in language append on input line 717.
Package babel Info: Redefining portuges shorthand "|
(babel)             in language append on input line 717.
 [37 <./imagens/edas-adaptation-process.png>]
Package babel Info: Redefining portuges shorthand "|
(babel)             in language append on input line 730.
 <imagens/arm-framework.png, id=629, 1445.4pt x 737.75626pt>
File: imagens/arm-framework.png Graphic file (type png)

<use imagens/arm-framework.png>
Package pdftex.def Info: imagens/arm-framework.png used on input line 743.
(pdftex.def)             Requested size: 409.71692pt x 209.12573pt.
Package babel Info: Redefining portuges shorthand "|
(babel)             in language append on input line 754.
Package babel Info: Redefining portuges shorthand "|
(babel)             in language append on input line 754.
 [38]
<imagens/context-manager-overview.png, id=643, 745.78625pt x 877.2775pt>
File: imagens/context-manager-overview.png Graphic file (type png)

<use imagens/context-manager-overview.png>
Package pdftex.def Info: imagens/context-manager-overview.png used on input lin
e 757.
(pdftex.def)             Requested size: 409.71692pt x 481.95529pt.
Package babel Info: Redefining portuges shorthand "|
(babel)             in language append on input line 771.
Package babel Info: Redefining portuges shorthand "|
(babel)             in language append on input line 771.
 [39 <./imagens/arm-framework.png>]
Package babel Info: Redefining portuges shorthand "|
(babel)             in language append on input line 771.
Package babel Info: Redefining portuges shorthand "|
(babel)             in language append on input line 771.

[40 <./imagens/context-manager-overview.png>]
Package babel Info: Redefining portuges shorthand "|
(babel)             in language append on input line 782.
Package babel Info: Redefining portuges shorthand "|
(babel)             in language append on input line 782.
 [41]
Package babel Info: Redefining portuges shorthand "|
(babel)             in language append on input line 812.

<imagens/iotsec-architecture.png, id=670, 845.1575pt x 682.55pt>
File: imagens/iotsec-architecture.png Graphic file (type png)

<use imagens/iotsec-architecture.png>
Package pdftex.def Info: imagens/iotsec-architecture.png used on input line 819
.
(pdftex.def)             Requested size: 364.19667pt x 294.12608pt.
Package babel Info: Redefining portuges shorthand "|
(babel)             in language append on input line 828.
Package babel Info: Redefining portuges shorthand "|
(babel)             in language append on input line 828.
 [42 <./imagens/iotsec-architecture.png>]
<imagens/iotsec-ontology.png, id=685, 892.33376pt x 542.025pt>
File: imagens/iotsec-ontology.png Graphic file (type png)

<use imagens/iotsec-ontology.png>
Package pdftex.def Info: imagens/iotsec-ontology.png used on input line 831.
(pdftex.def)             Requested size: 318.66948pt x 193.56569pt.
Package babel Info: Redefining portuges shorthand "|
(babel)             in language append on input line 855.
Package babel Info: Redefining portuges shorthand "|
(babel)             in language append on input line 855.
 [43 <./imagens/iotsec-ontology.png>]
Package babel Info: Redefining portuges shorthand "|
(babel)             in language append on input line 869.
Package babel Info: Redefining portuges shorthand "|
(babel)             in language append on input line 886.
Package babel Info: Redefining portuges shorthand "|
(babel)             in language append on input line 886.
 [44]
<imagens/sarm-description.png, id=700, 365.365pt x 231.86626pt>
File: imagens/sarm-description.png Graphic file (type png)

<use imagens/sarm-description.png>
Package pdftex.def Info: imagens/sarm-description.png used on input line 897.
(pdftex.def)             Requested size: 227.62206pt x 144.45256pt.
Package babel Info: Redefining portuges shorthand "|
(babel)             in language append on input line 907.
Package babel Info: Redefining portuges shorthand "|
(babel)             in language append on input line 907.
 [45]
<imagens/sarm-framework.png, id=706, 760.8425pt x 683.55376pt>
File: imagens/sarm-framework.png Graphic file (type png)

<use imagens/sarm-framework.png>
Package pdftex.def Info: imagens/sarm-framework.png used on input line 910.
(pdftex.def)             Requested size: 318.66948pt x 286.30835pt.
Package babel Info: Redefining portuges shorthand "|
(babel)             in language append on input line 917.
Package babel Info: Redefining portuges shorthand "|
(babel)             in language append on input line 917.
 [46 <./imagens/sarm-description.png> <./imagens/sarm-framework.png>]
Package babel Info: Redefining portuges shorthand "|
(babel)             in language append on input line 928.
Package babel Info: Redefining portuges shorthand "|
(babel)             in language append on input line 945.
Package babel Info: Redefining portuges shorthand "|
(babel)             in language append on input line 945.
 [47]
<imagens/comparacao-estado-da-arte.png, id=741, 964.5636pt x 548.7702pt>
File: imagens/comparacao-estado-da-arte.png Graphic file (type png)

<use imagens/comparacao-estado-da-arte.png>
Package pdftex.def Info: imagens/comparacao-estado-da-arte.png used on input li
ne 960.
(pdftex.def)             Requested size: 455.24411pt x 259.00221pt.
Package babel Info: Redefining portuges shorthand "|
(babel)             in language append on input line 970.
Package babel Info: Redefining portuges shorthand "|
(babel)             in language append on input line 970.
 [48]
Package babel Info: Redefining portuges shorthand "|
(babel)             in language append on input line 976.
Package babel Info: Redefining portuges shorthand "|
(babel)             in language append on input line 976.
 [49 <./imagens/comparacao-estado-da-arte.png>]
Package babel Info: Redefining portuges shorthand "|
(babel)             in language append on input line 976.
Package babel Info: Redefining portuges shorthand "|
(babel)             in language append on input line 982.
Package babel Info: Redefining portuges shorthand "|
(babel)             in language append on input line 982.
 [50]
Package babel Info: Redefining portuges shorthand "|
(babel)             in language append on input line 982.
Package babel Info: Redefining portuges shorthand "|
(babel)             in language append on input line 994.
Package babel Info: Redefining portuges shorthand "|
(babel)             in language append on input line 994.
 [51

] (./TI-Ricardo-Doutorado.bbl
Package babel Info: Redefining portuges shorthand "|
(babel)             in language append on input line 1.
Package babel Info: Redefining portuges shorthand "|
(babel)             in language append on input line 1.
 [52]
Package babel Info: Redefining portuges shorthand "|
(babel)             in language append on input line 1.
Package babel Info: Redefining portuges shorthand "|
(babel)             in language append on input line 54.
Package babel Info: Redefining portuges shorthand "|
(babel)             in language append on input line 54.
 [53

]
Package babel Info: Redefining portuges shorthand "|
(babel)             in language append on input line 111.
Package babel Info: Redefining portuges shorthand "|
(babel)             in language append on input line 111.
 [54]
Underfull \hbox (badness 10000) in paragraph at lines 134--138
[]\T1/phv/m/n/12 HP. Dis-po-n-vel em: []$\T1/cmtt/m/n/12 <[]http : / / files .
 asset . microfocus . com / 4aa5-[]4759 / en /
 []

Package babel Info: Redefining portuges shorthand "|
(babel)             in language append on input line 174.
Package babel Info: Redefining portuges shorthand "|
(babel)             in language append on input line 174.
[55]
Underfull \hbox (badness 10000) in paragraph at lines 175--180
[]\T1/phv/m/n/12 MEULEN, R. van der. Dis-po-n-vel em: []$\T1/cmtt/m/n/12 <[]ht
tps : / / www . gartner . com /
 []


Overfull \hbox (35.46179pt too wide) in paragraph at lines 175--180
\T1/cmtt/m/n/12 smarterwithgartner / build-[]adaptive-[]security-[]architecture
-[]into-[]your-[]organization /
 []


Underfull \hbox (badness 1796) in paragraph at lines 217--222
[]\T1/phv/m/n/12 PANETTA, K. Dis-po-n-vel em: []$\T1/cmtt/m/n/12 <[]https : / 
/ www . gartner . com / smarterwithgartner /
 []


Underfull \hbox (badness 1796) in paragraph at lines 223--228
[]\T1/phv/m/n/12 PANETTA, K. Dis-po-n-vel em: []$\T1/cmtt/m/n/12 <[]https : / 
/ www . gartner . com / smarterwithgartner /
 []

Package babel Info: Redefining portuges shorthand "|
(babel)             in language append on input line 228.
Package babel Info: Redefining portuges shorthand "|
(babel)             in language append on input line 228.
[56]
Package babel Info: Redefining portuges shorthand "|
(babel)             in language append on input line 287.
Package babel Info: Redefining portuges shorthand "|
(babel)             in language append on input line 287.
 [57]) 
AED: lastpage setting LastPage
Package babel Info: Redefining portuges shorthand "|
(babel)             in language append on input line 1004.
Package babel Info: Redefining portuges shorthand "|
(babel)             in language append on input line 1004.
[58]
Package babel Info: Redefining portuges shorthand "|
(babel)             in language append on input line 1004.
Package atveryend Info: Empty hook `BeforeClearDocument' on input line 1004.
Package atveryend Info: Empty hook `AfterLastShipout' on input line 1004.
 (./TI-Ricardo-Doutorado.aux)
Package atveryend Info: Executing hook `AtVeryEndDocument' on input line 1004.
Package atveryend Info: Executing hook `AtEndAfterFileList' on input line 1004.

Package rerunfilecheck Info: File `TI-Ricardo-Doutorado.out' has not changed.
(rerunfilecheck)             Checksum: 7D49118C3637B8FBF507CC0701965EA4;5250.
Package atveryend Info: Empty hook `AtVeryVeryEnd' on input line 1004.
 ) 
Here is how much of TeX's memory you used:
 13065 strings out of 493014
 186606 string characters out of 6133351
 289307 words of memory out of 5000000
 16244 multiletter control sequences out of 15000+600000
 39750 words of font info for 48 fonts, out of 8000000 for 9000
 1141 hyphenation exceptions out of 8191
 55i,19n,40p,2414b,558s stack positions out of 5000i,500n,10000p,200000b,80000s
{/usr/local/texlive/2016/texmf-dist/fonts/enc/dvips/cm-super/cm-super-t1.enc}
{/usr/local/texlive/2016/texmf-dist/fonts/enc/dvips/base/8r.enc}</usr/local/tex
live/2016/texmf-dist/fonts/type1/public/amsfonts/cm/cmmi12.pfb></usr/local/texl
ive/2016/texmf-dist/fonts/type1/public/amsfonts/cm/cmr12.pfb></usr/local/texliv
e/2016/texmf-dist/fonts/type1/public/amsfonts/cm/cmsy10.pfb></usr/local/texlive
/2016/texmf-dist/fonts/type1/public/cm-super/sftt1000.pfb></usr/local/texlive/2
016/texmf-dist/fonts/type1/public/cm-super/sftt1200.pfb></usr/local/texlive/201
6/texmf-dist/fonts/type1/urw/helvetic/uhvb8a.pfb></usr/local/texlive/2016/texmf
-dist/fonts/type1/urw/helvetic/uhvbo8a.pfb></usr/local/texlive/2016/texmf-dist/
fonts/type1/urw/helvetic/uhvr8a.pfb></usr/local/texlive/2016/texmf-dist/fonts/t
ype1/urw/helvetic/uhvro8a.pfb>
Output written on TI-Ricardo-Doutorado.pdf (59 pages, 2868415 bytes).
PDF statistics:
 907 PDF objects out of 1000 (max. 8388607)
 790 compressed objects within 8 object streams
 156 named destinations out of 1000 (max. 500000)
 262 words of extra memory for PDF output out of 10000 (max. 10000000)

